Folder PATH listing for volume WORKING
Volume serial number is 8B23-12B0
X:.
¦   .env
¦   .gitignore
¦   go.exe
¦   go.mod
¦   go.sum
¦   o.log
¦   README.md
¦   
+---.vscode
¦       launch.json
¦       
+---cmd
¦   +---beep
¦   ¦       icon.go
¦   ¦       main.go
¦   ¦       
¦   +---gosrt
¦   ¦       main.go
¦   ¦       run.bat
¦   ¦       song.txt
¦   ¦       song_en.srt
¦   ¦       song_ru.srt
¦   ¦       srt.txt
¦   ¦       srt_en.srt
¦   ¦       srt_ru.srt
¦   ¦       
¦   +---invoicedates
¦   ¦   ¦   invoicedates.go
¦   ¦   ¦   
¦   ¦   +---data
¦   ¦           bp.txt
¦   ¦           bp_all.txt
¦   ¦           bp_out.txt
¦   ¦           clus2.txt
¦   ¦           clus2_out.txt
¦   ¦           october.txt
¦   ¦           october_out.txt
¦   ¦           test.txt
¦   ¦           test_out.txt
¦   ¦           
¦   +---invoicekv
¦   ¦       invoicekv.go
¦   ¦       
¦   +---rosterdb
¦   ¦       README.md
¦   ¦       rosterdb.go
¦   ¦       
¦   +---rosternext
¦   ¦       rosternext.go
¦   ¦       
¦   +---timediff
¦   ¦       README.md
¦   ¦       timediff.go
¦   ¦       
¦   +---timeshift
¦   ¦   ¦   README.md
¦   ¦   ¦   timeshift.go
¦   ¦   ¦   
¦   ¦   +---data
¦   ¦           Leave hours.csv
¦   ¦           Leave value.sql
¦   ¦           test.wtc
¦   ¦           test_out.csv
¦   ¦           test_out.wtc
¦   ¦           Wage_merge_26062022[08-03_21-10].wtc
¦   ¦           
¦   +---timeshift_old
¦       ¦   timeshift.go
¦       ¦   
¦       +---data
¦       ¦       november.wtc
¦       ¦       october.wtc
¦       ¦       october_out.csv
¦       ¦       october_out.wtc
¦       ¦       test.wtc
¦       ¦       test_out.csv
¦       ¦       test_out.wtc
¦       ¦       
¦       +---data20230303
¦               Leave hours.csv
¦               Leave value.sql
¦               Leave_Export_13-06_to_26-06_at_28-02-23.wtc
¦               timesheet.wtc
¦               Timesheet_Export_13-06_to_26-06_at_28-06-22.wtc
¦               timesheet_out.csv
¦               timesheet_out.wtc
¦               
+---data
¦       data.xml
¦       Invoice_Export_01-12-21_to_31-12-21_at_02-02-22.txt
¦       Invoice_Export_MK_01-08_to_31-08_at_16-09-21.txt
¦       Invoice_Export_MK_01-08_to_31-08_at_16-09-21_out.txt
¦       invoice_map.txt
¦       invoice_map_out.txt
¦       myob-bug.csv
¦       myob-bug_out.csv
¦       MYOB-Sales-Invoice-04-07-22.csv
¦       MYOB-Sales-Invoice-04-07-22_out.csv
¦       myob.csv
¦       myob_out.csv
¦       out.xml
¦       song_en.srt
¦       song_ru.srt
¦       srt_en.srt
¦       srt_ru.srt
¦       timesheet.xml
¦       Timesheet_Export_07-03_to_20-03_at_22-03-22.wtc
¦       Timesheet_Export_07-03_to_20-03_at_22-03-22_out.wtc
¦       Timesheet_Export_17-10_to_30-10_at_25-10-22.wtc
¦       Timesheet_Export_17-10_to_30-10_at_25-10-22_out.wtc
¦       Timesheet_Export_17-10_to_30-10_at_25-10-22_out_org.wtc
¦       Timesheet_Export_19-04_to_02-05_at_09-09-21.wtc
¦       Timesheet_Export_19-04_to_02-05_at_09-09-21_out.wtc
¦       Timesheet_Export_21-02_to_06-03_at_07-03-22.wtc
¦       Timesheet_Export_21-02_to_06-03_at_07-03-22_out.wtc
¦       Timesheet_Export_21-02_to_06-03_at_15-03-22.wtc
¦       Timesheet_Export_21-02_to_06-03_at_15-03-22_out.wtc
¦       Timesheet_Export_28-06_to_11-07_at_29-09-21.wtc
¦       Timesheet_Export_28-06_to_11-07_at_29-09-21_out.wtc
¦       timesheet_out.xml
¦       TranNON_Invoice_Export_01-12-21_to_31-12-21_at_02-02-22.txt
¦       
+---vendor
¦   ¦   modules.txt
¦   ¦   
¦   +---github.com
¦   ¦   +---faiface
¦   ¦   ¦   +---beep
¦   ¦   ¦       ¦   buffer.go
¦   ¦   ¦       ¦   compositors.go
¦   ¦   ¦       ¦   ctrl.go
¦   ¦   ¦       ¦   interface.go
¦   ¦   ¦       ¦   LICENSE
¦   ¦   ¦       ¦   mixer.go
¦   ¦   ¦       ¦   README.md
¦   ¦   ¦       ¦   resample.go
¦   ¦   ¦       ¦   streamers.go
¦   ¦   ¦       ¦   
¦   ¦   ¦       +---generators
¦   ¦   ¦       ¦       toner.go
¦   ¦   ¦       ¦       
¦   ¦   ¦       +---speaker
¦   ¦   ¦               speaker.go
¦   ¦   ¦               
¦   ¦   +---getlantern
¦   ¦   ¦   +---context
¦   ¦   ¦   ¦       .travis.yml
¦   ¦   ¦   ¦       context.go
¦   ¦   ¦   ¦       gotrack.go
¦   ¦   ¦   ¦       LICENSE
¦   ¦   ¦   ¦       README.md
¦   ¦   ¦   ¦       
¦   ¦   ¦   +---errors
¦   ¦   ¦   ¦       errors.go
¦   ¦   ¦   ¦       hide.go
¦   ¦   ¦   ¦       LICENSE
¦   ¦   ¦   ¦       
¦   ¦   ¦   +---golog
¦   ¦   ¦   ¦       .travis.yml
¦   ¦   ¦   ¦       golog.go
¦   ¦   ¦   ¦       LICENSE
¦   ¦   ¦   ¦       README.md
¦   ¦   ¦   ¦       
¦   ¦   ¦   +---hex
¦   ¦   ¦   ¦       hex.go
¦   ¦   ¦   ¦       LICENSE
¦   ¦   ¦   ¦       
¦   ¦   ¦   +---hidden
¦   ¦   ¦   ¦       hidden.go
¦   ¦   ¦   ¦       LICENSE
¦   ¦   ¦   ¦       
¦   ¦   ¦   +---ops
¦   ¦   ¦   ¦       LICENSE
¦   ¦   ¦   ¦       ops.go
¦   ¦   ¦   ¦       
¦   ¦   ¦   +---systray
¦   ¦   ¦           .gitignore
¦   ¦   ¦           CHANGELOG.md
¦   ¦   ¦           LICENSE
¦   ¦   ¦           Makefile
¦   ¦   ¦           README.md
¦   ¦   ¦           systray.go
¦   ¦   ¦           systray.h
¦   ¦   ¦           systray_darwin.go
¦   ¦   ¦           systray_darwin.m
¦   ¦   ¦           systray_linux.c
¦   ¦   ¦           systray_linux.go
¦   ¦   ¦           systray_nonwindows.go
¦   ¦   ¦           systray_windows.go
¦   ¦   ¦           
¦   ¦   +---go-ole
¦   ¦   ¦   +---go-ole
¦   ¦   ¦           .travis.yml
¦   ¦   ¦           appveyor.yml
¦   ¦   ¦           ChangeLog.md
¦   ¦   ¦           com.go
¦   ¦   ¦           com_func.go
¦   ¦   ¦           connect.go
¦   ¦   ¦           constants.go
¦   ¦   ¦           error.go
¦   ¦   ¦           error_func.go
¦   ¦   ¦           error_windows.go
¦   ¦   ¦           guid.go
¦   ¦   ¦           iconnectionpoint.go
¦   ¦   ¦           iconnectionpointcontainer.go
¦   ¦   ¦           iconnectionpointcontainer_func.go
¦   ¦   ¦           iconnectionpointcontainer_windows.go
¦   ¦   ¦           iconnectionpoint_func.go
¦   ¦   ¦           iconnectionpoint_windows.go
¦   ¦   ¦           idispatch.go
¦   ¦   ¦           idispatch_func.go
¦   ¦   ¦           idispatch_windows.go
¦   ¦   ¦           ienumvariant.go
¦   ¦   ¦           ienumvariant_func.go
¦   ¦   ¦           ienumvariant_windows.go
¦   ¦   ¦           iinspectable.go
¦   ¦   ¦           iinspectable_func.go
¦   ¦   ¦           iinspectable_windows.go
¦   ¦   ¦           iprovideclassinfo.go
¦   ¦   ¦           iprovideclassinfo_func.go
¦   ¦   ¦           iprovideclassinfo_windows.go
¦   ¦   ¦           itypeinfo.go
¦   ¦   ¦           itypeinfo_func.go
¦   ¦   ¦           itypeinfo_windows.go
¦   ¦   ¦           iunknown.go
¦   ¦   ¦           iunknown_func.go
¦   ¦   ¦           iunknown_windows.go
¦   ¦   ¦           LICENSE
¦   ¦   ¦           ole.go
¦   ¦   ¦           README.md
¦   ¦   ¦           safearray.go
¦   ¦   ¦           safearrayconversion.go
¦   ¦   ¦           safearrayslices.go
¦   ¦   ¦           safearray_func.go
¦   ¦   ¦           safearray_windows.go
¦   ¦   ¦           utility.go
¦   ¦   ¦           variables.go
¦   ¦   ¦           variant.go
¦   ¦   ¦           variant_386.go
¦   ¦   ¦           variant_amd64.go
¦   ¦   ¦           variant_date_386.go
¦   ¦   ¦           variant_date_amd64.go
¦   ¦   ¦           variant_ppc64le.go
¦   ¦   ¦           variant_s390x.go
¦   ¦   ¦           vt_string.go
¦   ¦   ¦           winrt.go
¦   ¦   ¦           winrt_doc.go
¦   ¦   ¦           
¦   ¦   +---go-sql-driver
¦   ¦   ¦   +---mysql
¦   ¦   ¦           .gitignore
¦   ¦   ¦           auth.go
¦   ¦   ¦           AUTHORS
¦   ¦   ¦           buffer.go
¦   ¦   ¦           CHANGELOG.md
¦   ¦   ¦           collations.go
¦   ¦   ¦           conncheck.go
¦   ¦   ¦           conncheck_dummy.go
¦   ¦   ¦           connection.go
¦   ¦   ¦           connector.go
¦   ¦   ¦           const.go
¦   ¦   ¦           driver.go
¦   ¦   ¦           dsn.go
¦   ¦   ¦           errors.go
¦   ¦   ¦           fields.go
¦   ¦   ¦           fuzz.go
¦   ¦   ¦           infile.go
¦   ¦   ¦           LICENSE
¦   ¦   ¦           nulltime.go
¦   ¦   ¦           nulltime_go113.go
¦   ¦   ¦           nulltime_legacy.go
¦   ¦   ¦           packets.go
¦   ¦   ¦           README.md
¦   ¦   ¦           result.go
¦   ¦   ¦           rows.go
¦   ¦   ¦           statement.go
¦   ¦   ¦           transaction.go
¦   ¦   ¦           utils.go
¦   ¦   ¦           
¦   ¦   +---go-stack
¦   ¦   ¦   +---stack
¦   ¦   ¦           .travis.yml
¦   ¦   ¦           LICENSE.md
¦   ¦   ¦           README.md
¦   ¦   ¦           stack.go
¦   ¦   ¦           
¦   ¦   +---hajimehoshi
¦   ¦   ¦   +---oto
¦   ¦   ¦       ¦   .gitignore
¦   ¦   ¦       ¦   AUTHORS
¦   ¦   ¦       ¦   context.go
¦   ¦   ¦       ¦   driver_android.go
¦   ¦   ¦       ¦   driver_darwin.go
¦   ¦   ¦       ¦   driver_ios.go
¦   ¦   ¦       ¦   driver_ios.m
¦   ¦   ¦       ¦   driver_js.go
¦   ¦   ¦       ¦   driver_linux.go
¦   ¦   ¦       ¦   driver_macos.go
¦   ¦   ¦       ¦   driver_macos.m
¦   ¦   ¦       ¦   driver_openal.go
¦   ¦   ¦       ¦   driver_windows.go
¦   ¦   ¦       ¦   dummy.go
¦   ¦   ¦       ¦   go2cpp_js.go
¦   ¦   ¦       ¦   LICENSE
¦   ¦   ¦       ¦   pipe_gopherjs.go
¦   ¦   ¦       ¦   pipe_notgopherjs.go
¦   ¦   ¦       ¦   player.go
¦   ¦   ¦       ¦   README.md
¦   ¦   ¦       ¦   slice_js.go
¦   ¦   ¦       ¦   winmm_windows.go
¦   ¦   ¦       ¦   
¦   ¦   ¦       +---internal
¦   ¦   ¦           +---mux
¦   ¦   ¦                   mux.go
¦   ¦   ¦                   
¦   ¦   +---inconshreveable
¦   ¦   ¦   +---mousetrap
¦   ¦   ¦           LICENSE
¦   ¦   ¦           README.md
¦   ¦   ¦           trap_others.go
¦   ¦   ¦           trap_windows.go
¦   ¦   ¦           trap_windows_1.4.go
¦   ¦   ¦           
¦   ¦   +---itchyny
¦   ¦   ¦   +---volume-go
¦   ¦   ¦           .gitignore
¦   ¦   ¦           LICENSE
¦   ¦   ¦           Makefile
¦   ¦   ¦           README.md
¦   ¦   ¦           volume_darwin.go
¦   ¦   ¦           volume_linux.go
¦   ¦   ¦           volume_unix.go
¦   ¦   ¦           volume_windows.go
¦   ¦   ¦           
¦   ¦   +---jszwec
¦   ¦   ¦   +---csvutil
¦   ¦   ¦           .gitignore
¦   ¦   ¦           cache.go
¦   ¦   ¦           cache_go17.go
¦   ¦   ¦           cache_go19.go
¦   ¦   ¦           csvutil.go
¦   ¦   ¦           csvutil_go17.go
¦   ¦   ¦           csvutil_go19.go
¦   ¦   ¦           decode.go
¦   ¦   ¦           decoder.go
¦   ¦   ¦           doc.go
¦   ¦   ¦           encode.go
¦   ¦   ¦           encoder.go
¦   ¦   ¦           error.go
¦   ¦   ¦           interface.go
¦   ¦   ¦           LICENSE
¦   ¦   ¦           README.md
¦   ¦   ¦           tag.go
¦   ¦   ¦           _config.yml
¦   ¦   ¦           
¦   ¦   +---moutend
¦   ¦   ¦   +---go-wca
¦   ¦   ¦       ¦   LICENSE
¦   ¦   ¦       ¦   
¦   ¦   ¦       +---pkg
¦   ¦   ¦           +---wca
¦   ¦   ¦                   AudioClientProperties.go
¦   ¦   ¦                   com_func.go
¦   ¦   ¦                   com_windows.go
¦   ¦   ¦                   constants.go
¦   ¦   ¦                   GUID.go
¦   ¦   ¦                   IAudioCaptureClient.go
¦   ¦   ¦                   IAudioCaptureClient_func.go
¦   ¦   ¦                   IAudioCaptureClient_windows.go
¦   ¦   ¦                   IAudioClient.go
¦   ¦   ¦                   IAudioClient2.go
¦   ¦   ¦                   IAudioClient2_func.go
¦   ¦   ¦                   IAudioClient2_windows.go
¦   ¦   ¦                   IAudioClient3.go
¦   ¦   ¦                   IAudioClient3_func.go
¦   ¦   ¦                   IAudioClient3_windows.go
¦   ¦   ¦                   IAudioClient_func.go
¦   ¦   ¦                   IAudioClient_windows.go
¦   ¦   ¦                   IAudioEndpointVolume.go
¦   ¦   ¦                   IAudioEndpointVolume_func.go
¦   ¦   ¦                   IAudioEndpointVolume_windows.go
¦   ¦   ¦                   IAudioRenderClient.go
¦   ¦   ¦                   IAudioRenderClient_func.go
¦   ¦   ¦                   IAudioRenderClient_windows.go
¦   ¦   ¦                   IAudioSessionControl.go
¦   ¦   ¦                   IAudioSessionControl2.go
¦   ¦   ¦                   IAudioSessionControl2_func.go
¦   ¦   ¦                   IAudioSessionControl2_windows.go
¦   ¦   ¦                   IAudioSessionControl_func.go
¦   ¦   ¦                   IAudioSessionControl_windows.go
¦   ¦   ¦                   IAudioSessionEnumerator.go
¦   ¦   ¦                   IAudioSessionEnumerator_func.go
¦   ¦   ¦                   IAudioSessionEnumerator_windows.go
¦   ¦   ¦                   IAudioSessionEvents.go
¦   ¦   ¦                   IAudioSessionManager.go
¦   ¦   ¦                   IAudioSessionManager2.go
¦   ¦   ¦                   IAudioSessionManager2_func.go
¦   ¦   ¦                   IAudioSessionManager2_windows.go
¦   ¦   ¦                   IAudioSessionManager_func.go
¦   ¦   ¦                   IAudioSessionManager_windows.go
¦   ¦   ¦                   IAudioSessionNotification.go
¦   ¦   ¦                   IAudioVolumeDuckNotification.go
¦   ¦   ¦                   IMMDevice.go
¦   ¦   ¦                   IMMDeviceCollection.go
¦   ¦   ¦                   IMMDeviceCollection_func.go
¦   ¦   ¦                   IMMDeviceCollection_windows.go
¦   ¦   ¦                   IMMDeviceEnumerator.go
¦   ¦   ¦                   IMMDeviceEnumerator_func.go
¦   ¦   ¦                   IMMDeviceEnumerator_windows.go
¦   ¦   ¦                   IMMDevice_func.go
¦   ¦   ¦                   IMMDevice_windows.go
¦   ¦   ¦                   IMMEndpoint.go
¦   ¦   ¦                   IMMEndpoint_func.go
¦   ¦   ¦                   IMMEndpoint_windows.go
¦   ¦   ¦                   IMMNotificationClient.go
¦   ¦   ¦                   IMMNotificationClient_windows.go
¦   ¦   ¦                   IPropertyStore.go
¦   ¦   ¦                   IPropertyStore_func.go
¦   ¦   ¦                   IPropertyStore_windows.go
¦   ¦   ¦                   ISimpleAudioVolume.go
¦   ¦   ¦                   ISimpleAudioVolume_func.go
¦   ¦   ¦                   ISimpleAudioVolume_windows.go
¦   ¦   ¦                   PROPERTYKEY.go
¦   ¦   ¦                   PROPVARIANT.go
¦   ¦   ¦                   PROPVARIANT_func.go
¦   ¦   ¦                   PROPVARIANT_windows.go
¦   ¦   ¦                   types.go
¦   ¦   ¦                   WAVEFORMATEX.go
¦   ¦   ¦                   
¦   ¦   +---oxtoacart
¦   ¦   ¦   +---bpool
¦   ¦   ¦           bpool.go
¦   ¦   ¦           bufferpool.go
¦   ¦   ¦           bytepool.go
¦   ¦   ¦           byteslice.go
¦   ¦   ¦           LICENSE
¦   ¦   ¦           README.md
¦   ¦   ¦           sizedbufferpool.go
¦   ¦   ¦           
¦   ¦   +---pkg
¦   ¦   ¦   +---errors
¦   ¦   ¦           .gitignore
¦   ¦   ¦           .travis.yml
¦   ¦   ¦           appveyor.yml
¦   ¦   ¦           errors.go
¦   ¦   ¦           go113.go
¦   ¦   ¦           LICENSE
¦   ¦   ¦           Makefile
¦   ¦   ¦           README.md
¦   ¦   ¦           stack.go
¦   ¦   ¦           
¦   ¦   +---sirupsen
¦   ¦   ¦   +---logrus
¦   ¦   ¦           .gitignore
¦   ¦   ¦           .golangci.yml
¦   ¦   ¦           .travis.yml
¦   ¦   ¦           alt_exit.go
¦   ¦   ¦           appveyor.yml
¦   ¦   ¦           buffer_pool.go
¦   ¦   ¦           CHANGELOG.md
¦   ¦   ¦           doc.go
¦   ¦   ¦           entry.go
¦   ¦   ¦           exported.go
¦   ¦   ¦           formatter.go
¦   ¦   ¦           hooks.go
¦   ¦   ¦           json_formatter.go
¦   ¦   ¦           LICENSE
¦   ¦   ¦           logger.go
¦   ¦   ¦           logrus.go
¦   ¦   ¦           README.md
¦   ¦   ¦           terminal_check_appengine.go
¦   ¦   ¦           terminal_check_bsd.go
¦   ¦   ¦           terminal_check_js.go
¦   ¦   ¦           terminal_check_notappengine.go
¦   ¦   ¦           terminal_check_no_terminal.go
¦   ¦   ¦           terminal_check_solaris.go
¦   ¦   ¦           terminal_check_unix.go
¦   ¦   ¦           terminal_check_windows.go
¦   ¦   ¦           text_formatter.go
¦   ¦   ¦           writer.go
¦   ¦   ¦           
¦   ¦   +---spf13
¦   ¦       +---cobra
¦   ¦       ¦       .gitignore
¦   ¦       ¦       .golangci.yml
¦   ¦       ¦       .mailmap
¦   ¦       ¦       args.go
¦   ¦       ¦       bash_completions.go
¦   ¦       ¦       bash_completions.md
¦   ¦       ¦       bash_completionsV2.go
¦   ¦       ¦       CHANGELOG.md
¦   ¦       ¦       cobra.go
¦   ¦       ¦       command.go
¦   ¦       ¦       command_notwin.go
¦   ¦       ¦       command_win.go
¦   ¦       ¦       completions.go
¦   ¦       ¦       CONDUCT.md
¦   ¦       ¦       CONTRIBUTING.md
¦   ¦       ¦       fish_completions.go
¦   ¦       ¦       fish_completions.md
¦   ¦       ¦       LICENSE.txt
¦   ¦       ¦       MAINTAINERS
¦   ¦       ¦       Makefile
¦   ¦       ¦       powershell_completions.go
¦   ¦       ¦       powershell_completions.md
¦   ¦       ¦       projects_using_cobra.md
¦   ¦       ¦       README.md
¦   ¦       ¦       shell_completions.go
¦   ¦       ¦       shell_completions.md
¦   ¦       ¦       user_guide.md
¦   ¦       ¦       zsh_completions.go
¦   ¦       ¦       zsh_completions.md
¦   ¦       ¦       
¦   ¦       +---pflag
¦   ¦               .gitignore
¦   ¦               .travis.yml
¦   ¦               bool.go
¦   ¦               bool_slice.go
¦   ¦               bytes.go
¦   ¦               count.go
¦   ¦               duration.go
¦   ¦               duration_slice.go
¦   ¦               flag.go
¦   ¦               float32.go
¦   ¦               float32_slice.go
¦   ¦               float64.go
¦   ¦               float64_slice.go
¦   ¦               golangflag.go
¦   ¦               int.go
¦   ¦               int16.go
¦   ¦               int32.go
¦   ¦               int32_slice.go
¦   ¦               int64.go
¦   ¦               int64_slice.go
¦   ¦               int8.go
¦   ¦               int_slice.go
¦   ¦               ip.go
¦   ¦               ipmask.go
¦   ¦               ipnet.go
¦   ¦               ip_slice.go
¦   ¦               LICENSE
¦   ¦               README.md
¦   ¦               string.go
¦   ¦               string_array.go
¦   ¦               string_slice.go
¦   ¦               string_to_int.go
¦   ¦               string_to_int64.go
¦   ¦               string_to_string.go
¦   ¦               uint.go
¦   ¦               uint16.go
¦   ¦               uint32.go
¦   ¦               uint64.go
¦   ¦               uint8.go
¦   ¦               uint_slice.go
¦   ¦               
¦   +---golang.org
¦       +---x
¦           +---exp
¦           ¦   ¦   AUTHORS
¦           ¦   ¦   CONTRIBUTORS
¦           ¦   ¦   LICENSE
¦           ¦   ¦   PATENTS
¦           ¦   ¦   
¦           ¦   +---shiny
¦           ¦       +---driver
¦           ¦       ¦   +---gldriver
¦           ¦       ¦   ¦       buffer.go
¦           ¦       ¦   ¦       cocoa.go
¦           ¦       ¦   ¦       cocoa.m
¦           ¦       ¦   ¦       context.go
¦           ¦       ¦   ¦       egl.go
¦           ¦       ¦   ¦       gldriver.go
¦           ¦       ¦   ¦       other.go
¦           ¦       ¦   ¦       screen.go
¦           ¦       ¦   ¦       texture.go
¦           ¦       ¦   ¦       win32.go
¦           ¦       ¦   ¦       window.go
¦           ¦       ¦   ¦       x11.c
¦           ¦       ¦   ¦       x11.go
¦           ¦       ¦   ¦       
¦           ¦       ¦   +---internal
¦           ¦       ¦       +---drawer
¦           ¦       ¦       ¦       drawer.go
¦           ¦       ¦       ¦       
¦           ¦       ¦       +---errscreen
¦           ¦       ¦       ¦       errscreen.go
¦           ¦       ¦       ¦       
¦           ¦       ¦       +---event
¦           ¦       ¦       ¦       event.go
¦           ¦       ¦       ¦       
¦           ¦       ¦       +---lifecycler
¦           ¦       ¦       ¦       lifecycler.go
¦           ¦       ¦       ¦       
¦           ¦       ¦       +---win32
¦           ¦       ¦       ¦       key.go
¦           ¦       ¦       ¦       syscall.go
¦           ¦       ¦       ¦       syscall_windows.go
¦           ¦       ¦       ¦       win32.go
¦           ¦       ¦       ¦       zsyscall_windows.go
¦           ¦       ¦       ¦       
¦           ¦       ¦       +---x11key
¦           ¦       ¦               x11key.go
¦           ¦       ¦               
¦           ¦       +---screen
¦           ¦               screen.go
¦           ¦               
¦           +---image
¦           ¦   ¦   AUTHORS
¦           ¦   ¦   CONTRIBUTORS
¦           ¦   ¦   LICENSE
¦           ¦   ¦   PATENTS
¦           ¦   ¦   
¦           ¦   +---math
¦           ¦       +---f64
¦           ¦               f64.go
¦           ¦               
¦           +---mobile
¦           ¦   ¦   AUTHORS
¦           ¦   ¦   CONTRIBUTORS
¦           ¦   ¦   LICENSE
¦           ¦   ¦   PATENTS
¦           ¦   ¦   
¦           ¦   +---app
¦           ¦   ¦   ¦   android.c
¦           ¦   ¦   ¦   android.go
¦           ¦   ¦   ¦   app.go
¦           ¦   ¦   ¦   darwin_desktop.go
¦           ¦   ¦   ¦   darwin_desktop.m
¦           ¦   ¦   ¦   darwin_ios.go
¦           ¦   ¦   ¦   darwin_ios.m
¦           ¦   ¦   ¦   doc.go
¦           ¦   ¦   ¦   GoNativeActivity.java
¦           ¦   ¦   ¦   shiny.go
¦           ¦   ¦   ¦   x11.c
¦           ¦   ¦   ¦   x11.go
¦           ¦   ¦   ¦   
¦           ¦   ¦   +---internal
¦           ¦   ¦       +---callfn
¦           ¦   ¦               callfn.go
¦           ¦   ¦               callfn_386.s
¦           ¦   ¦               callfn_amd64.s
¦           ¦   ¦               callfn_arm.s
¦           ¦   ¦               callfn_arm64.s
¦           ¦   ¦               
¦           ¦   +---event
¦           ¦   ¦   +---key
¦           ¦   ¦   ¦       code_string.go
¦           ¦   ¦   ¦       key.go
¦           ¦   ¦   ¦       
¦           ¦   ¦   +---lifecycle
¦           ¦   ¦   ¦       lifecycle.go
¦           ¦   ¦   ¦       
¦           ¦   ¦   +---mouse
¦           ¦   ¦   ¦       mouse.go
¦           ¦   ¦   ¦       
¦           ¦   ¦   +---paint
¦           ¦   ¦   ¦       paint.go
¦           ¦   ¦   ¦       
¦           ¦   ¦   +---size
¦           ¦   ¦   ¦       size.go
¦           ¦   ¦   ¦       
¦           ¦   ¦   +---touch
¦           ¦   ¦           touch.go
¦           ¦   ¦           
¦           ¦   +---geom
¦           ¦   ¦       geom.go
¦           ¦   ¦       
¦           ¦   +---gl
¦           ¦   ¦       consts.go
¦           ¦   ¦       dll_windows.go
¦           ¦   ¦       doc.go
¦           ¦   ¦       fn.go
¦           ¦   ¦       gl.go
¦           ¦   ¦       gldebug.go
¦           ¦   ¦       interface.go
¦           ¦   ¦       types_debug.go
¦           ¦   ¦       types_prod.go
¦           ¦   ¦       work.c
¦           ¦   ¦       work.go
¦           ¦   ¦       work.h
¦           ¦   ¦       work_windows.go
¦           ¦   ¦       work_windows_386.s
¦           ¦   ¦       work_windows_amd64.s
¦           ¦   ¦       
¦           ¦   +---internal
¦           ¦       +---mobileinit
¦           ¦               ctx_android.go
¦           ¦               mobileinit.go
¦           ¦               mobileinit_android.go
¦           ¦               mobileinit_ios.go
¦           ¦               
¦           +---sys
¦           ¦   ¦   LICENSE
¦           ¦   ¦   PATENTS
¦           ¦   ¦   
¦           ¦   +---internal
¦           ¦   ¦   +---unsafeheader
¦           ¦   ¦           unsafeheader.go
¦           ¦   ¦           
¦           ¦   +---plan9
¦           ¦   ¦       asm.s
¦           ¦   ¦       asm_plan9_386.s
¦           ¦   ¦       asm_plan9_amd64.s
¦           ¦   ¦       asm_plan9_arm.s
¦           ¦   ¦       const_plan9.go
¦           ¦   ¦       dir_plan9.go
¦           ¦   ¦       env_plan9.go
¦           ¦   ¦       errors_plan9.go
¦           ¦   ¦       mkall.sh
¦           ¦   ¦       mkerrors.sh
¦           ¦   ¦       mksysnum_plan9.sh
¦           ¦   ¦       pwd_go15_plan9.go
¦           ¦   ¦       pwd_plan9.go
¦           ¦   ¦       race.go
¦           ¦   ¦       race0.go
¦           ¦   ¦       str.go
¦           ¦   ¦       syscall.go
¦           ¦   ¦       syscall_plan9.go
¦           ¦   ¦       zsyscall_plan9_386.go
¦           ¦   ¦       zsyscall_plan9_amd64.go
¦           ¦   ¦       zsyscall_plan9_arm.go
¦           ¦   ¦       zsysnum_plan9.go
¦           ¦   ¦       
¦           ¦   +---unix
¦           ¦   ¦       .gitignore
¦           ¦   ¦       affinity_linux.go
¦           ¦   ¦       aliases.go
¦           ¦   ¦       asm_aix_ppc64.s
¦           ¦   ¦       asm_bsd_386.s
¦           ¦   ¦       asm_bsd_amd64.s
¦           ¦   ¦       asm_bsd_arm.s
¦           ¦   ¦       asm_bsd_arm64.s
¦           ¦   ¦       asm_bsd_ppc64.s
¦           ¦   ¦       asm_bsd_riscv64.s
¦           ¦   ¦       asm_linux_386.s
¦           ¦   ¦       asm_linux_amd64.s
¦           ¦   ¦       asm_linux_arm.s
¦           ¦   ¦       asm_linux_arm64.s
¦           ¦   ¦       asm_linux_loong64.s
¦           ¦   ¦       asm_linux_mips64x.s
¦           ¦   ¦       asm_linux_mipsx.s
¦           ¦   ¦       asm_linux_ppc64x.s
¦           ¦   ¦       asm_linux_riscv64.s
¦           ¦   ¦       asm_linux_s390x.s
¦           ¦   ¦       asm_openbsd_mips64.s
¦           ¦   ¦       asm_solaris_amd64.s
¦           ¦   ¦       asm_zos_s390x.s
¦           ¦   ¦       bluetooth_linux.go
¦           ¦   ¦       cap_freebsd.go
¦           ¦   ¦       constants.go
¦           ¦   ¦       dev_aix_ppc.go
¦           ¦   ¦       dev_aix_ppc64.go
¦           ¦   ¦       dev_darwin.go
¦           ¦   ¦       dev_dragonfly.go
¦           ¦   ¦       dev_freebsd.go
¦           ¦   ¦       dev_linux.go
¦           ¦   ¦       dev_netbsd.go
¦           ¦   ¦       dev_openbsd.go
¦           ¦   ¦       dev_zos.go
¦           ¦   ¦       dirent.go
¦           ¦   ¦       endian_big.go
¦           ¦   ¦       endian_little.go
¦           ¦   ¦       env_unix.go
¦           ¦   ¦       epoll_zos.go
¦           ¦   ¦       fcntl.go
¦           ¦   ¦       fcntl_darwin.go
¦           ¦   ¦       fcntl_linux_32bit.go
¦           ¦   ¦       fdset.go
¦           ¦   ¦       fstatfs_zos.go
¦           ¦   ¦       gccgo.go
¦           ¦   ¦       gccgo_c.c
¦           ¦   ¦       gccgo_linux_amd64.go
¦           ¦   ¦       ifreq_linux.go
¦           ¦   ¦       ioctl.go
¦           ¦   ¦       ioctl_linux.go
¦           ¦   ¦       ioctl_zos.go
¦           ¦   ¦       mkall.sh
¦           ¦   ¦       mkerrors.sh
¦           ¦   ¦       pagesize_unix.go
¦           ¦   ¦       pledge_openbsd.go
¦           ¦   ¦       ptrace_darwin.go
¦           ¦   ¦       ptrace_ios.go
¦           ¦   ¦       race.go
¦           ¦   ¦       race0.go
¦           ¦   ¦       readdirent_getdents.go
¦           ¦   ¦       readdirent_getdirentries.go
¦           ¦   ¦       README.md
¦           ¦   ¦       sockcmsg_dragonfly.go
¦           ¦   ¦       sockcmsg_linux.go
¦           ¦   ¦       sockcmsg_unix.go
¦           ¦   ¦       sockcmsg_unix_other.go
¦           ¦   ¦       syscall.go
¦           ¦   ¦       syscall_aix.go
¦           ¦   ¦       syscall_aix_ppc.go
¦           ¦   ¦       syscall_aix_ppc64.go
¦           ¦   ¦       syscall_bsd.go
¦           ¦   ¦       syscall_darwin.go
¦           ¦   ¦       syscall_darwin_amd64.go
¦           ¦   ¦       syscall_darwin_arm64.go
¦           ¦   ¦       syscall_darwin_libSystem.go
¦           ¦   ¦       syscall_dragonfly.go
¦           ¦   ¦       syscall_dragonfly_amd64.go
¦           ¦   ¦       syscall_freebsd.go
¦           ¦   ¦       syscall_freebsd_386.go
¦           ¦   ¦       syscall_freebsd_amd64.go
¦           ¦   ¦       syscall_freebsd_arm.go
¦           ¦   ¦       syscall_freebsd_arm64.go
¦           ¦   ¦       syscall_freebsd_riscv64.go
¦           ¦   ¦       syscall_hurd.go
¦           ¦   ¦       syscall_hurd_386.go
¦           ¦   ¦       syscall_illumos.go
¦           ¦   ¦       syscall_linux.go
¦           ¦   ¦       syscall_linux_386.go
¦           ¦   ¦       syscall_linux_alarm.go
¦           ¦   ¦       syscall_linux_amd64.go
¦           ¦   ¦       syscall_linux_amd64_gc.go
¦           ¦   ¦       syscall_linux_arm.go
¦           ¦   ¦       syscall_linux_arm64.go
¦           ¦   ¦       syscall_linux_gc.go
¦           ¦   ¦       syscall_linux_gccgo_386.go
¦           ¦   ¦       syscall_linux_gccgo_arm.go
¦           ¦   ¦       syscall_linux_gc_386.go
¦           ¦   ¦       syscall_linux_gc_arm.go
¦           ¦   ¦       syscall_linux_loong64.go
¦           ¦   ¦       syscall_linux_mips64x.go
¦           ¦   ¦       syscall_linux_mipsx.go
¦           ¦   ¦       syscall_linux_ppc.go
¦           ¦   ¦       syscall_linux_ppc64x.go
¦           ¦   ¦       syscall_linux_riscv64.go
¦           ¦   ¦       syscall_linux_s390x.go
¦           ¦   ¦       syscall_linux_sparc64.go
¦           ¦   ¦       syscall_netbsd.go
¦           ¦   ¦       syscall_netbsd_386.go
¦           ¦   ¦       syscall_netbsd_amd64.go
¦           ¦   ¦       syscall_netbsd_arm.go
¦           ¦   ¦       syscall_netbsd_arm64.go
¦           ¦   ¦       syscall_openbsd.go
¦           ¦   ¦       syscall_openbsd_386.go
¦           ¦   ¦       syscall_openbsd_amd64.go
¦           ¦   ¦       syscall_openbsd_arm.go
¦           ¦   ¦       syscall_openbsd_arm64.go
¦           ¦   ¦       syscall_openbsd_libc.go
¦           ¦   ¦       syscall_openbsd_mips64.go
¦           ¦   ¦       syscall_openbsd_ppc64.go
¦           ¦   ¦       syscall_openbsd_riscv64.go
¦           ¦   ¦       syscall_solaris.go
¦           ¦   ¦       syscall_solaris_amd64.go
¦           ¦   ¦       syscall_unix.go
¦           ¦   ¦       syscall_unix_gc.go
¦           ¦   ¦       syscall_unix_gc_ppc64x.go
¦           ¦   ¦       syscall_zos_s390x.go
¦           ¦   ¦       sysvshm_linux.go
¦           ¦   ¦       sysvshm_unix.go
¦           ¦   ¦       sysvshm_unix_other.go
¦           ¦   ¦       timestruct.go
¦           ¦   ¦       unveil_openbsd.go
¦           ¦   ¦       xattr_bsd.go
¦           ¦   ¦       zerrors_aix_ppc.go
¦           ¦   ¦       zerrors_aix_ppc64.go
¦           ¦   ¦       zerrors_darwin_amd64.go
¦           ¦   ¦       zerrors_darwin_arm64.go
¦           ¦   ¦       zerrors_dragonfly_amd64.go
¦           ¦   ¦       zerrors_freebsd_386.go
¦           ¦   ¦       zerrors_freebsd_amd64.go
¦           ¦   ¦       zerrors_freebsd_arm.go
¦           ¦   ¦       zerrors_freebsd_arm64.go
¦           ¦   ¦       zerrors_freebsd_riscv64.go
¦           ¦   ¦       zerrors_linux.go
¦           ¦   ¦       zerrors_linux_386.go
¦           ¦   ¦       zerrors_linux_amd64.go
¦           ¦   ¦       zerrors_linux_arm.go
¦           ¦   ¦       zerrors_linux_arm64.go
¦           ¦   ¦       zerrors_linux_loong64.go
¦           ¦   ¦       zerrors_linux_mips.go
¦           ¦   ¦       zerrors_linux_mips64.go
¦           ¦   ¦       zerrors_linux_mips64le.go
¦           ¦   ¦       zerrors_linux_mipsle.go
¦           ¦   ¦       zerrors_linux_ppc.go
¦           ¦   ¦       zerrors_linux_ppc64.go
¦           ¦   ¦       zerrors_linux_ppc64le.go
¦           ¦   ¦       zerrors_linux_riscv64.go
¦           ¦   ¦       zerrors_linux_s390x.go
¦           ¦   ¦       zerrors_linux_sparc64.go
¦           ¦   ¦       zerrors_netbsd_386.go
¦           ¦   ¦       zerrors_netbsd_amd64.go
¦           ¦   ¦       zerrors_netbsd_arm.go
¦           ¦   ¦       zerrors_netbsd_arm64.go
¦           ¦   ¦       zerrors_openbsd_386.go
¦           ¦   ¦       zerrors_openbsd_amd64.go
¦           ¦   ¦       zerrors_openbsd_arm.go
¦           ¦   ¦       zerrors_openbsd_arm64.go
¦           ¦   ¦       zerrors_openbsd_mips64.go
¦           ¦   ¦       zerrors_openbsd_ppc64.go
¦           ¦   ¦       zerrors_openbsd_riscv64.go
¦           ¦   ¦       zerrors_solaris_amd64.go
¦           ¦   ¦       zerrors_zos_s390x.go
¦           ¦   ¦       zptrace_armnn_linux.go
¦           ¦   ¦       zptrace_linux_arm64.go
¦           ¦   ¦       zptrace_mipsnnle_linux.go
¦           ¦   ¦       zptrace_mipsnn_linux.go
¦           ¦   ¦       zptrace_x86_linux.go
¦           ¦   ¦       zsyscall_aix_ppc.go
¦           ¦   ¦       zsyscall_aix_ppc64.go
¦           ¦   ¦       zsyscall_aix_ppc64_gc.go
¦           ¦   ¦       zsyscall_aix_ppc64_gccgo.go
¦           ¦   ¦       zsyscall_darwin_amd64.go
¦           ¦   ¦       zsyscall_darwin_amd64.s
¦           ¦   ¦       zsyscall_darwin_arm64.go
¦           ¦   ¦       zsyscall_darwin_arm64.s
¦           ¦   ¦       zsyscall_dragonfly_amd64.go
¦           ¦   ¦       zsyscall_freebsd_386.go
¦           ¦   ¦       zsyscall_freebsd_amd64.go
¦           ¦   ¦       zsyscall_freebsd_arm.go
¦           ¦   ¦       zsyscall_freebsd_arm64.go
¦           ¦   ¦       zsyscall_freebsd_riscv64.go
¦           ¦   ¦       zsyscall_illumos_amd64.go
¦           ¦   ¦       zsyscall_linux.go
¦           ¦   ¦       zsyscall_linux_386.go
¦           ¦   ¦       zsyscall_linux_amd64.go
¦           ¦   ¦       zsyscall_linux_arm.go
¦           ¦   ¦       zsyscall_linux_arm64.go
¦           ¦   ¦       zsyscall_linux_loong64.go
¦           ¦   ¦       zsyscall_linux_mips.go
¦           ¦   ¦       zsyscall_linux_mips64.go
¦           ¦   ¦       zsyscall_linux_mips64le.go
¦           ¦   ¦       zsyscall_linux_mipsle.go
¦           ¦   ¦       zsyscall_linux_ppc.go
¦           ¦   ¦       zsyscall_linux_ppc64.go
¦           ¦   ¦       zsyscall_linux_ppc64le.go
¦           ¦   ¦       zsyscall_linux_riscv64.go
¦           ¦   ¦       zsyscall_linux_s390x.go
¦           ¦   ¦       zsyscall_linux_sparc64.go
¦           ¦   ¦       zsyscall_netbsd_386.go
¦           ¦   ¦       zsyscall_netbsd_amd64.go
¦           ¦   ¦       zsyscall_netbsd_arm.go
¦           ¦   ¦       zsyscall_netbsd_arm64.go
¦           ¦   ¦       zsyscall_openbsd_386.go
¦           ¦   ¦       zsyscall_openbsd_386.s
¦           ¦   ¦       zsyscall_openbsd_amd64.go
¦           ¦   ¦       zsyscall_openbsd_amd64.s
¦           ¦   ¦       zsyscall_openbsd_arm.go
¦           ¦   ¦       zsyscall_openbsd_arm.s
¦           ¦   ¦       zsyscall_openbsd_arm64.go
¦           ¦   ¦       zsyscall_openbsd_arm64.s
¦           ¦   ¦       zsyscall_openbsd_mips64.go
¦           ¦   ¦       zsyscall_openbsd_mips64.s
¦           ¦   ¦       zsyscall_openbsd_ppc64.go
¦           ¦   ¦       zsyscall_openbsd_ppc64.s
¦           ¦   ¦       zsyscall_openbsd_riscv64.go
¦           ¦   ¦       zsyscall_openbsd_riscv64.s
¦           ¦   ¦       zsyscall_solaris_amd64.go
¦           ¦   ¦       zsyscall_zos_s390x.go
¦           ¦   ¦       zsysctl_openbsd_386.go
¦           ¦   ¦       zsysctl_openbsd_amd64.go
¦           ¦   ¦       zsysctl_openbsd_arm.go
¦           ¦   ¦       zsysctl_openbsd_arm64.go
¦           ¦   ¦       zsysctl_openbsd_mips64.go
¦           ¦   ¦       zsysctl_openbsd_ppc64.go
¦           ¦   ¦       zsysctl_openbsd_riscv64.go
¦           ¦   ¦       zsysnum_darwin_amd64.go
¦           ¦   ¦       zsysnum_darwin_arm64.go
¦           ¦   ¦       zsysnum_dragonfly_amd64.go
¦           ¦   ¦       zsysnum_freebsd_386.go
¦           ¦   ¦       zsysnum_freebsd_amd64.go
¦           ¦   ¦       zsysnum_freebsd_arm.go
¦           ¦   ¦       zsysnum_freebsd_arm64.go
¦           ¦   ¦       zsysnum_freebsd_riscv64.go
¦           ¦   ¦       zsysnum_linux_386.go
¦           ¦   ¦       zsysnum_linux_amd64.go
¦           ¦   ¦       zsysnum_linux_arm.go
¦           ¦   ¦       zsysnum_linux_arm64.go
¦           ¦   ¦       zsysnum_linux_loong64.go
¦           ¦   ¦       zsysnum_linux_mips.go
¦           ¦   ¦       zsysnum_linux_mips64.go
¦           ¦   ¦       zsysnum_linux_mips64le.go
¦           ¦   ¦       zsysnum_linux_mipsle.go
¦           ¦   ¦       zsysnum_linux_ppc.go
¦           ¦   ¦       zsysnum_linux_ppc64.go
¦           ¦   ¦       zsysnum_linux_ppc64le.go
¦           ¦   ¦       zsysnum_linux_riscv64.go
¦           ¦   ¦       zsysnum_linux_s390x.go
¦           ¦   ¦       zsysnum_linux_sparc64.go
¦           ¦   ¦       zsysnum_netbsd_386.go
¦           ¦   ¦       zsysnum_netbsd_amd64.go
¦           ¦   ¦       zsysnum_netbsd_arm.go
¦           ¦   ¦       zsysnum_netbsd_arm64.go
¦           ¦   ¦       zsysnum_openbsd_386.go
¦           ¦   ¦       zsysnum_openbsd_amd64.go
¦           ¦   ¦       zsysnum_openbsd_arm.go
¦           ¦   ¦       zsysnum_openbsd_arm64.go
¦           ¦   ¦       zsysnum_openbsd_mips64.go
¦           ¦   ¦       zsysnum_openbsd_ppc64.go
¦           ¦   ¦       zsysnum_openbsd_riscv64.go
¦           ¦   ¦       zsysnum_zos_s390x.go
¦           ¦   ¦       ztypes_aix_ppc.go
¦           ¦   ¦       ztypes_aix_ppc64.go
¦           ¦   ¦       ztypes_darwin_amd64.go
¦           ¦   ¦       ztypes_darwin_arm64.go
¦           ¦   ¦       ztypes_dragonfly_amd64.go
¦           ¦   ¦       ztypes_freebsd_386.go
¦           ¦   ¦       ztypes_freebsd_amd64.go
¦           ¦   ¦       ztypes_freebsd_arm.go
¦           ¦   ¦       ztypes_freebsd_arm64.go
¦           ¦   ¦       ztypes_freebsd_riscv64.go
¦           ¦   ¦       ztypes_linux.go
¦           ¦   ¦       ztypes_linux_386.go
¦           ¦   ¦       ztypes_linux_amd64.go
¦           ¦   ¦       ztypes_linux_arm.go
¦           ¦   ¦       ztypes_linux_arm64.go
¦           ¦   ¦       ztypes_linux_loong64.go
¦           ¦   ¦       ztypes_linux_mips.go
¦           ¦   ¦       ztypes_linux_mips64.go
¦           ¦   ¦       ztypes_linux_mips64le.go
¦           ¦   ¦       ztypes_linux_mipsle.go
¦           ¦   ¦       ztypes_linux_ppc.go
¦           ¦   ¦       ztypes_linux_ppc64.go
¦           ¦   ¦       ztypes_linux_ppc64le.go
¦           ¦   ¦       ztypes_linux_riscv64.go
¦           ¦   ¦       ztypes_linux_s390x.go
¦           ¦   ¦       ztypes_linux_sparc64.go
¦           ¦   ¦       ztypes_netbsd_386.go
¦           ¦   ¦       ztypes_netbsd_amd64.go
¦           ¦   ¦       ztypes_netbsd_arm.go
¦           ¦   ¦       ztypes_netbsd_arm64.go
¦           ¦   ¦       ztypes_openbsd_386.go
¦           ¦   ¦       ztypes_openbsd_amd64.go
¦           ¦   ¦       ztypes_openbsd_arm.go
¦           ¦   ¦       ztypes_openbsd_arm64.go
¦           ¦   ¦       ztypes_openbsd_mips64.go
¦           ¦   ¦       ztypes_openbsd_ppc64.go
¦           ¦   ¦       ztypes_openbsd_riscv64.go
¦           ¦   ¦       ztypes_solaris_amd64.go
¦           ¦   ¦       ztypes_zos_s390x.go
¦           ¦   ¦       
¦           ¦   +---windows
¦           ¦           aliases.go
¦           ¦           dll_windows.go
¦           ¦           empty.s
¦           ¦           env_windows.go
¦           ¦           eventlog.go
¦           ¦           exec_windows.go
¦           ¦           memory_windows.go
¦           ¦           mkerrors.bash
¦           ¦           mkknownfolderids.bash
¦           ¦           mksyscall.go
¦           ¦           race.go
¦           ¦           race0.go
¦           ¦           security_windows.go
¦           ¦           service.go
¦           ¦           setupapi_windows.go
¦           ¦           str.go
¦           ¦           syscall.go
¦           ¦           syscall_windows.go
¦           ¦           types_windows.go
¦           ¦           types_windows_386.go
¦           ¦           types_windows_amd64.go
¦           ¦           types_windows_arm.go
¦           ¦           types_windows_arm64.go
¦           ¦           zerrors_windows.go
¦           ¦           zknownfolderids_windows.go
¦           ¦           zsyscall_windows.go
¦           ¦           
¦           +---term
¦                   codereview.cfg
¦                   CONTRIBUTING.md
¦                   LICENSE
¦                   PATENTS
¦                   README.md
¦                   term.go
¦                   terminal.go
¦                   term_plan9.go
¦                   term_unix.go
¦                   term_unix_bsd.go
¦                   term_unix_other.go
¦                   term_unsupported.go
¦                   term_windows.go
¦                   
+---web
    +---20220802
    ¦       CY billables1.sql
    ¦       CY Perfect Week.sql
    ¦       CY PW billrec.sql
    ¦       diff Annetta.sql
    ¦       diff.sql
    ¦       
    +---20220816
    ¦       atherton.sql
    ¦       brown.sql
    ¦       CY PW bill diff.sql
    ¦       erin.sql
    ¦       Time Diff test.sql
    ¦       
    +---20220831
    ¦       Day-time Rec1 v2.sql
    ¦       holiday.sql
    ¦       
    +---20221102
            Broken sample.sql
            Broken.sql
            TS_Preview_Report_03-10_to_16-10_Graves.xlsx
            
